#-----------------------------------------------------------
# Vivado v2022.1.2 (64-bit)
# SW Build 3605665 on Fri Aug  5 22:53:37 MDT 2022
# IP Build 3603185 on Sat Aug  6 04:07:44 MDT 2022
# Start of session at: Mon Nov 21 13:03:12 2022
# Process ID: 12996
# Current directory: C:/Users/Kyl3Z/OneDrive/Documents/GitHub/EECS159A-2022Project/senior_design
# Command line: vivado.exe -gui_launcher_event rodinguilauncherevent13684 C:\Users\Kyl3Z\OneDrive\Documents\GitHub\EECS159A-2022Project\senior_design\senior_design.xpr
# Log file: C:/Users/Kyl3Z/OneDrive/Documents/GitHub/EECS159A-2022Project/senior_design/vivado.log
# Journal file: C:/Users/Kyl3Z/OneDrive/Documents/GitHub/EECS159A-2022Project/senior_design\vivado.jou
# Running On: Ekyle9, OS: Windows, CPU Frequency: 3194 MHz, CPU Physical cores: 16, Host memory: 16312 MB
#-----------------------------------------------------------
start_gui
open_project C:/Users/Kyl3Z/OneDrive/Documents/GitHub/EECS159A-2022Project/senior_design/senior_design.xpr
WARNING: [Board 49-26] cannot add Board Part xilinx.com:kc705:part0:1.6 available at C:/Xilinx/Vivado/2022.1/data/xhub/boards/XilinxBoardStore/boards/Xilinx/kc705/1.6/board.xml as part xc7k325tffg900-2 specified in board_part file is either invalid or not available
WARNING: [Board 49-26] cannot add Board Part xilinx.com:kcu105:part0:1.6 available at C:/Xilinx/Vivado/2022.1/data/xhub/boards/XilinxBoardStore/boards/Xilinx/kcu105/1.6/board.xml as part xcku040-ffva1156-2-e specified in board_part file is either invalid or not available
WARNING: [Board 49-26] cannot add Board Part xilinx.com:kcu105:part0:1.7 available at C:/Xilinx/Vivado/2022.1/data/xhub/boards/XilinxBoardStore/boards/Xilinx/kcu105/1.7/board.xml as part xcku040-ffva1156-2-e specified in board_part file is either invalid or not available
WARNING: [Board 49-26] cannot add Board Part xilinx.com:kcu1500:part0:1.2 available at C:/Xilinx/Vivado/2022.1/data/xhub/boards/XilinxBoardStore/boards/Xilinx/kcu1500/1.2/board.xml as part xcku115-flvb2104-2-e specified in board_part file is either invalid or not available
WARNING: [Board 49-26] cannot add Board Part xilinx.com:vc707:part0:1.4 available at C:/Xilinx/Vivado/2022.1/data/xhub/boards/XilinxBoardStore/boards/Xilinx/vc707/1.4/board.xml as part xc7vx485tffg1761-2 specified in board_part file is either invalid or not available
WARNING: [Board 49-26] cannot add Board Part xilinx.com:vc709:part0:1.8 available at C:/Xilinx/Vivado/2022.1/data/xhub/boards/XilinxBoardStore/boards/Xilinx/vc709/1.8/board.xml as part xc7vx690tffg1761-2 specified in board_part file is either invalid or not available
WARNING: [Board 49-26] cannot add Board Part xilinx.com:vck190:part0:2.2 available at C:/Xilinx/Vivado/2022.1/data/xhub/boards/XilinxBoardStore/boards/Xilinx/vck190/production/2.2/board.xml as part xcvc1902-vsva2197-2mp-e-s specified in board_part file is either invalid or not available
WARNING: [Board 49-26] cannot add Board Part xilinx.com:vck190:part0:3.0 available at C:/Xilinx/Vivado/2022.1/data/xhub/boards/XilinxBoardStore/boards/Xilinx/vck190/production/3.0/board.xml as part xcvc1902-vsva2197-2mp-e-s specified in board_part file is either invalid or not available
WARNING: [Board 49-26] cannot add Board Part xilinx.com:vck190_newl:part0:1.0 available at C:/Xilinx/Vivado/2022.1/data/xhub/boards/XilinxBoardStore/boards/Xilinx/vck190_newl/production/1.0/board.xml as part xcvc1902-vsva2197-2mp-e-s specified in board_part file is either invalid or not available
WARNING: [Board 49-26] cannot add Board Part xilinx.com:vcu108:part0:1.6 available at C:/Xilinx/Vivado/2022.1/data/xhub/boards/XilinxBoardStore/boards/Xilinx/vcu108/1.6/board.xml as part xcvu095-ffva2104-2-e specified in board_part file is either invalid or not available
WARNING: [Board 49-26] cannot add Board Part xilinx.com:vcu108:part0:1.7 available at C:/Xilinx/Vivado/2022.1/data/xhub/boards/XilinxBoardStore/boards/Xilinx/vcu108/1.7/board.xml as part xcvu095-ffva2104-2-e specified in board_part file is either invalid or not available
WARNING: [Board 49-26] cannot add Board Part xilinx.com:vcu110:part0:1.4 available at C:/Xilinx/Vivado/2022.1/data/xhub/boards/XilinxBoardStore/boards/Xilinx/vcu110/1.4/board.xml as part xcvu190-flgc2104-2-e specified in board_part file is either invalid or not available
WARNING: [Board 49-26] cannot add Board Part xilinx.com:vcu118:part0:2.0 available at C:/Xilinx/Vivado/2022.1/data/xhub/boards/XilinxBoardStore/boards/Xilinx/vcu118/2.0/board.xml as part xcvu9p-flga2104-2l-e specified in board_part file is either invalid or not available
WARNING: [Board 49-26] cannot add Board Part xilinx.com:vcu118:part0:2.3 available at C:/Xilinx/Vivado/2022.1/data/xhub/boards/XilinxBoardStore/boards/Xilinx/vcu118/2.3/board.xml as part xcvu9p-flga2104-2l-e specified in board_part file is either invalid or not available
WARNING: [Board 49-26] cannot add Board Part xilinx.com:vcu118:part0:2.4 available at C:/Xilinx/Vivado/2022.1/data/xhub/boards/XilinxBoardStore/boards/Xilinx/vcu118/2.4/board.xml as part xcvu9p-flga2104-2l-e specified in board_part file is either invalid or not available
WARNING: [Board 49-26] cannot add Board Part xilinx.com:vcu128:part0:1.0 available at C:/Xilinx/Vivado/2022.1/data/xhub/boards/XilinxBoardStore/boards/Xilinx/vcu128/production/1.0/board.xml as part xcvu37p-fsvh2892-2l-e specified in board_part file is either invalid or not available
WARNING: [Board 49-26] cannot add Board Part xilinx.com:vcu129:part0:1.0 available at C:/Xilinx/Vivado/2022.1/data/xhub/boards/XilinxBoardStore/boards/Xilinx/vcu129/production/1.0/board.xml as part xcvu29p-fsga2577-2l-e specified in board_part file is either invalid or not available
WARNING: [Board 49-26] cannot add Board Part xilinx.com:vcu1525:part0:1.3 available at C:/Xilinx/Vivado/2022.1/data/xhub/boards/XilinxBoardStore/boards/Xilinx/vcu1525/1.3/board.xml as part xcvu9p-fsgd2104-2l-e specified in board_part file is either invalid or not available
WARNING: [Board 49-26] cannot add Board Part xilinx.com:vermeo_t1_mpsoc:part0:1.0 available at C:/Xilinx/Vivado/2022.1/data/xhub/boards/XilinxBoardStore/boards/Xilinx/vermeo_t1_mpsoc/1.0/board.xml as part xczu19eg-ffvd1760-2l-e specified in board_part file is either invalid or not available
WARNING: [Board 49-26] cannot add Board Part xilinx.com:vermeo_t1_rfsoc:part0:1.0 available at C:/Xilinx/Vivado/2022.1/data/xhub/boards/XilinxBoardStore/boards/Xilinx/vermeo_t1_rfsoc/1.0/board.xml as part xczu21dr-ffvd1156-2l-e specified in board_part file is either invalid or not available
WARNING: [Board 49-26] cannot add Board Part xilinx.com:vmk180:part0:2.2 available at C:/Xilinx/Vivado/2022.1/data/xhub/boards/XilinxBoardStore/boards/Xilinx/vmk180/production/2.2/board.xml as part xcvm1802-vsva2197-2mp-e-s specified in board_part file is either invalid or not available
WARNING: [Board 49-26] cannot add Board Part xilinx.com:vmk180:part0:3.0 available at C:/Xilinx/Vivado/2022.1/data/xhub/boards/XilinxBoardStore/boards/Xilinx/vmk180/production/3.0/board.xml as part xcvm1802-vsva2197-2mp-e-s specified in board_part file is either invalid or not available
WARNING: [Board 49-26] cannot add Board Part xilinx.com:vmk180_newl:part0:1.0 available at C:/Xilinx/Vivado/2022.1/data/xhub/boards/XilinxBoardStore/boards/Xilinx/vmk180_newl/production/1.0/board.xml as part xcvm1802-vsva2197-2mp-e-s specified in board_part file is either invalid or not available
WARNING: [Board 49-26] cannot add Board Part xilinx.com:vpk120_es:part0:1.2 available at C:/Xilinx/Vivado/2022.1/data/xhub/boards/XilinxBoardStore/boards/Xilinx/vpk120/es/1.2/board.xml as part xcvp1202-vsva2785-2mp-e-s-es1 specified in board_part file is either invalid or not available
WARNING: [Board 49-26] cannot add Board Part xilinx.com:vpk120_es_revb:part0:1.0 available at C:/Xilinx/Vivado/2022.1/data/xhub/boards/XilinxBoardStore/boards/Xilinx/vpk120_revb/es/1.0/board.xml as part xcvp1202-vsva2785-2mp-e-s-es1 specified in board_part file is either invalid or not available
WARNING: [Board 49-26] cannot add Board Part xilinx.com:zc706:part0:1.4 available at C:/Xilinx/Vivado/2022.1/data/xhub/boards/XilinxBoardStore/boards/Xilinx/zc706/1.4/board.xml as part xc7z045ffg900-2 specified in board_part file is either invalid or not available
WARNING: [Board 49-26] cannot add Board Part xilinx.com:zcu102:part0:3.3 available at C:/Xilinx/Vivado/2022.1/data/xhub/boards/XilinxBoardStore/boards/Xilinx/zcu102/3.3/board.xml as part xczu9eg-ffvb1156-2-e specified in board_part file is either invalid or not available
WARNING: [Board 49-26] cannot add Board Part xilinx.com:zcu102:part0:3.4 available at C:/Xilinx/Vivado/2022.1/data/xhub/boards/XilinxBoardStore/boards/Xilinx/zcu102/3.4/board.xml as part xczu9eg-ffvb1156-2-e specified in board_part file is either invalid or not available
WARNING: [Board 49-26] cannot add Board Part xilinx.com:zcu111:part0:1.2 available at C:/Xilinx/Vivado/2022.1/data/xhub/boards/XilinxBoardStore/boards/Xilinx/zcu111/1.2/board.xml as part xczu28dr-ffvg1517-2-e specified in board_part file is either invalid or not available
WARNING: [Board 49-26] cannot add Board Part xilinx.com:zcu111:part0:1.3 available at C:/Xilinx/Vivado/2022.1/data/xhub/boards/XilinxBoardStore/boards/Xilinx/zcu111/1.3/board.xml as part xczu28dr-ffvg1517-2-e specified in board_part file is either invalid or not available
WARNING: [Board 49-26] cannot add Board Part xilinx.com:zcu111:part0:1.4 available at C:/Xilinx/Vivado/2022.1/data/xhub/boards/XilinxBoardStore/boards/Xilinx/zcu111/1.4/board.xml as part xczu28dr-ffvg1517-2-e specified in board_part file is either invalid or not available
WARNING: [Board 49-26] cannot add Board Part xilinx.com:zcu1275:part0:1.0 available at C:/Xilinx/Vivado/2022.1/data/xhub/boards/XilinxBoardStore/boards/Xilinx/zcu1275/1.0/board.xml as part xczu29dr-ffvf1760-2-e specified in board_part file is either invalid or not available
WARNING: [Board 49-26] cannot add Board Part xilinx.com:zcu1285:part0:1.0 available at C:/Xilinx/Vivado/2022.1/data/xhub/boards/XilinxBoardStore/boards/Xilinx/zcu1285/1.0/board.xml as part xczu39dr-ffvf1760-2-i specified in board_part file is either invalid or not available
WARNING: [Board 49-26] cannot add Board Part xilinx.com:zcu208:part0:2.0 available at C:/Xilinx/Vivado/2022.1/data/xhub/boards/XilinxBoardStore/boards/Xilinx/zcu208/production/2.0/board.xml as part xczu48dr-fsvg1517-2-e specified in board_part file is either invalid or not available
WARNING: [Board 49-26] cannot add Board Part xilinx.com:zcu208ld:part0:2.0 available at C:/Xilinx/Vivado/2022.1/data/xhub/boards/XilinxBoardStore/boards/Xilinx/zcu208ld/production/2.0/board.xml as part xczu58dr-fsvg1517-2-i specified in board_part file is either invalid or not available
WARNING: [Board 49-26] cannot add Board Part xilinx.com:zcu216:part0:2.0 available at C:/Xilinx/Vivado/2022.1/data/xhub/boards/XilinxBoardStore/boards/Xilinx/zcu216/production/2.0/board.xml as part xczu49dr-ffvf1760-2-e specified in board_part file is either invalid or not available
WARNING: [Board 49-26] cannot add Board Part xilinx.com:zcu216ld:part0:2.0 available at C:/Xilinx/Vivado/2022.1/data/xhub/boards/XilinxBoardStore/boards/Xilinx/zcu216ld/production/2.0/board.xml as part xczu59dr-ffvf1760-2-i specified in board_part file is either invalid or not available
WARNING: [Board 49-26] cannot add Board Part xilinx.com:zcu670:part0:2.0 available at C:/Xilinx/Vivado/2022.1/data/xhub/boards/XilinxBoardStore/boards/Xilinx/zcu670/2.0/board.xml as part xczu67dr-fsve1156-2-i specified in board_part file is either invalid or not available
WARNING: [Board 49-26] cannot add Board Part xilinx.com:zcu670ld:part0:1.0 available at C:/Xilinx/Vivado/2022.1/data/xhub/boards/XilinxBoardStore/boards/Xilinx/zcu670ld/1.0/board.xml as part xczu57dr-fsve1156-2-i specified in board_part file is either invalid or not available
INFO: [filemgmt 56-3] Default IP Output Path : Could not find the directory 'C:/Users/Kyl3Z/OneDrive/Documents/GitHub/EECS159A-2022Project/senior_design/senior_design.gen/sources_1'.
Scanning sources...
Finished scanning sources
INFO: [IP_Flow 19-234] Refreshing IP repositories
INFO: [IP_Flow 19-1704] No user IP repositories specified
INFO: [IP_Flow 19-2313] Loaded Vivado IP repository 'C:/Xilinx/Vivado/2022.1/data/ip'.
open_project: Time (s): cpu = 00:00:06 ; elapsed = 00:00:05 . Memory (MB): peak = 1558.379 ; gain = 0.000
update_compile_order -fileset sources_1
exit
INFO: [Common 17-206] Exiting Vivado at Mon Nov 21 13:08:26 2022...
ulation top is 'safety_circuit_tb'
WARNING: [Vivado 12-13340] Unable to auto find GCC executables from simulator install path! (path not set)
WARNING: [Vivado 12-13277] Compiled library path does not exist: ''
INFO: [Vivado 12-5682] Launching behavioral simulation in 'C:/Users/Kyl3Z/OneDrive/Documents/GitHub/EECS159A-2022Project/senior_design/senior_design.sim/sim_1/behav/xsim'
INFO: [SIM-utils-51] Simulation object is 'sim_1'
INFO: [SIM-utils-72] Using boost library from 'C:/Xilinx/Vivado/2022.1/tps/boost_1_72_0'
INFO: [SIM-utils-54] Inspecting design source files for 'safety_circuit_tb' in fileset 'sim_1'...
INFO: [USF-XSim-97] Finding global include files...
INFO: [USF-XSim-98] Fetching design files from 'sim_1'...
INFO: [USF-XSim-2] XSim::Compile design
INFO: [USF-XSim-61] Executing 'COMPILE and ANALYZE' step in 'C:/Users/Kyl3Z/OneDrive/Documents/GitHub/EECS159A-2022Project/senior_design/senior_design.sim/sim_1/behav/xsim'
"xvlog --incr --relax -prj safety_circuit_tb_vlog.prj"
INFO: [VRFC 10-2263] Analyzing Verilog file "C:/Users/Kyl3Z/OneDrive/Documents/GitHub/EECS159A-2022Project/senior_design/senior_design.srcs/sources_1/new/components.v" into library xil_defaultlib
INFO: [VRFC 10-311] analyzing module BSPD
WARNING: [VRFC 10-8497] literal value 'd11500 truncated to fit in 8 bits [C:/Users/Kyl3Z/OneDrive/Documents/GitHub/EECS159A-2022Project/senior_design/senior_design.srcs/sources_1/new/components.v:17]
INFO: [VRFC 10-311] analyzing module IMD
WARNING: [VRFC 10-8497] literal value 'd11500 truncated to fit in 8 bits [C:/Users/Kyl3Z/OneDrive/Documents/GitHub/EECS159A-2022Project/senior_design/senior_design.srcs/sources_1/new/components.v:40]
INFO: [VRFC 10-311] analyzing module inertia
WARNING: [VRFC 10-8497] literal value 'd11500 truncated to fit in 8 bits [C:/Users/Kyl3Z/OneDrive/Documents/GitHub/EECS159A-2022Project/senior_design/senior_design.srcs/sources_1/new/components.v:54]
INFO: [VRFC 10-311] analyzing module masterSwitch
WARNING: [VRFC 10-8497] literal value 'd11500 truncated to fit in 8 bits [C:/Users/Kyl3Z/OneDrive/Documents/GitHub/EECS159A-2022Project/senior_design/senior_design.srcs/sources_1/new/components.v:71]
INFO: [VRFC 10-311] analyzing module BOTS
WARNING: [VRFC 10-8497] literal value 'd11500 truncated to fit in 8 bits [C:/Users/Kyl3Z/OneDrive/Documents/GitHub/EECS159A-2022Project/senior_design/senior_design.srcs/sources_1/new/components.v:87]
INFO: [VRFC 10-311] analyzing module HVDInterlock
WARNING: [VRFC 10-8497] literal value 'd11500 truncated to fit in 8 bits [C:/Users/Kyl3Z/OneDrive/Documents/GitHub/EECS159A-2022Project/senior_design/senior_design.srcs/sources_1/new/components.v:103]
INFO: [VRFC 10-311] analyzing module miscInterlock
WARNING: [VRFC 10-8497] literal value 'd11500 truncated to fit in 8 bits [C:/Users/Kyl3Z/OneDrive/Documents/GitHub/EECS159A-2022Project/senior_design/senior_design.srcs/sources_1/new/components.v:119]
INFO: [VRFC 10-311] analyzing module shutdown
INFO: [VRFC 10-311] analyzing module AMS
WARNING: [VRFC 10-8497] literal value 'd11500 truncated to fit in 8 bits [C:/Users/Kyl3Z/OneDrive/Documents/GitHub/EECS159A-2022Project/senior_design/senior_design.srcs/sources_1/new/components.v:150]
INFO: [VRFC 10-2263] Analyzing Verilog file "C:/Users/Kyl3Z/OneDrive/Documents/GitHub/EECS159A-2022Project/senior_design/senior_design.srcs/sources_1/new/safety_circuit.v" into library xil_defaultlib
INFO: [VRFC 10-311] analyzing module safety_circuit
INFO: [VRFC 10-2263] Analyzing Verilog file "C:/Users/Kyl3Z/OneDrive/Documents/GitHub/EECS159A-2022Project/senior_design/senior_design.srcs/sim_1/new/safety_circuit_tb.v" into library xil_defaultlib
INFO: [VRFC 10-311] analyzing module safety_circuit_tb
WARNING: [VRFC 10-8497] literal value 'd12000 truncated to fit in 8 bits [C:/Users/Kyl3Z/OneDrive/Documents/GitHub/EECS159A-2022Project/senior_design/senior_design.srcs/sim_1/new/safety_circuit_tb.v:36]
WARNING: [VRFC 10-8497] literal value 'd12000 truncated to fit in 8 bits [C:/Users/Kyl3Z/OneDrive/Documents/GitHub/EECS159A-2022Project/senior_design/senior_design.srcs/sim_1/new/safety_circuit_tb.v:37]
WARNING: [VRFC 10-8497] literal value 'd12000 truncated to fit in 8 bits [C:/Users/Kyl3Z/OneDrive/Documents/GitHub/EECS159A-2022Project/senior_design/senior_design.srcs/sim_1/new/safety_circuit_tb.v:38]
WARNING: [VRFC 10-8497] literal value 'd12000 truncated to fit in 8 bits [C:/Users/Kyl3Z/OneDrive/Documents/GitHub/EECS159A-2022Project/senior_design/senior_design.srcs/sim_1/new/safety_circuit_tb.v:39]
WARNING: [VRFC 10-8497] literal value 'd12000 truncated to fit in 8 bits [C:/Users/Kyl3Z/OneDrive/Documents/GitHub/EECS159A-2022Project/senior_design/senior_design.srcs/sim_1/new/safety_circuit_tb.v:40]
WARNING: [VRFC 10-8497] literal value 'd12000 truncated to fit in 8 bits [C:/Users/Kyl3Z/OneDrive/Documents/GitHub/EECS159A-2022Project/senior_design/senior_design.srcs/sim_1/new/safety_circuit_tb.v:41]
WARNING: [VRFC 10-8497] literal value 'd12000 truncated to fit in 8 bits [C:/Users/Kyl3Z/OneDrive/Documents/GitHub/EECS159A-2022Project/senior_design/senior_design.srcs/sim_1/new/safety_circuit_tb.v:42]
WARNING: [VRFC 10-8497] literal value 'd12000 truncated to fit in 8 bits [C:/Users/Kyl3Z/OneDrive/Documents/GitHub/EECS159A-2022Project/senior_design/senior_design.srcs/sim_1/new/safety_circuit_tb.v:43]
WARNING: [VRFC 10-8497] literal value 'd12000 truncated to fit in 8 bits [C:/Users/Kyl3Z/OneDrive/Documents/GitHub/EECS159A-2022Project/senior_design/senior_design.srcs/sim_1/new/safety_circuit_tb.v:44]
WARNING: [VRFC 10-8497] literal value 'd12000 truncated to fit in 8 bits [C:/Users/Kyl3Z/OneDrive/Documents/GitHub/EECS159A-2022Project/senior_design/senior_design.srcs/sim_1/new/safety_circuit_tb.v:45]
WARNING: [VRFC 10-8497] literal value 'd12000 truncated to fit in 8 bits [C:/Users/Kyl3Z/OneDrive/Documents/GitHub/EECS159A-2022Project/senior_design/senior_design.srcs/sim_1/new/safety_circuit_tb.v:46]
WARNING: [VRFC 10-8497] literal value 'd12000 truncated to fit in 8 bits [C:/Users/Kyl3Z/OneDrive/Documents/GitHub/EECS159A-2022Project/senior_design/senior_design.srcs/sim_1/new/safety_circuit_tb.v:47]
WARNING: [VRFC 10-8497] literal value 'd12000 truncated to fit in 8 bits [C:/Users/Kyl3Z/OneDrive/Documents/GitHub/EECS159A-2022Project/senior_design/senior_design.srcs/sim_1/new/safety_circuit_tb.v:49]
INFO: [VRFC 10-2263] Analyzing Verilog file "C:/Users/Kyl3Z/OneDrive/Documents/GitHub/EECS159A-2022Project/senior_design/senior_design.sim/sim_1/behav/xsim/glbl.v" into library xil_defaultlib
INFO: [VRFC 10-311] analyzing module glbl
run_program: Time (s): cpu = 00:00:00 ; elapsed = 00:00:05 . Memory (MB): peak = 1222.461 ; gain = 0.000
INFO: [USF-XSim-69] 'compile' step finished in '5' seconds
INFO: [USF-XSim-3] XSim::Elaborate design
INFO: [USF-XSim-61] Executing 'ELABORATE' step in 'C:/Users/Kyl3Z/OneDrive/Documents/GitHub/EECS159A-2022Project/senior_design/senior_design.sim/sim_1/behav/xsim'
"xelab --incr --debug typical --relax --mt 2 -L xil_defaultlib -L unisims_ver -L unimacro_ver -L secureip --snapshot safety_circuit_tb_behav xil_defaultlib.safety_circuit_tb xil_defaultlib.glbl -log elaborate.log"
Vivado Simulator v2022.1.2
Copyright 1986-1999, 2001-2022 Xilinx, Inc. All Rights Reserved.
Running: C:/Xilinx/Vivado/2022.1/bin/unwrapped/win64.o/xelab.exe --incr --debug typical --relax --mt 2 -L xil_defaultlib -L unisims_ver -L unimacro_ver -L secureip --snapshot safety_circuit_tb_behav xil_defaultlib.safety_circuit_tb xil_defaultlib.glbl -log elaborate.log 
Using 2 slave threads.
Starting static elaboration
Pass Through NonSizing Optimizer
WARNING: [VRFC 10-3091] actual bit length 1 differs from formal bit length 8 for port 'BSPD_b1' [C:/Users/Kyl3Z/OneDrive/Documents/GitHub/EECS159A-2022Project/senior_design/senior_design.srcs/sim_1/new/safety_circuit_tb.v:37]
WARNING: [VRFC 10-3091] actual bit length 8 differs from formal bit length 1 for port 'left' [C:/Users/Kyl3Z/OneDrive/Documents/GitHub/EECS159A-2022Project/senior_design/senior_design.srcs/sources_1/new/safety_circuit.v:85]
WARNING: [VRFC 10-3091] actual bit length 8 differs from formal bit length 1 for port 'right' [C:/Users/Kyl3Z/OneDrive/Documents/GitHub/EECS159A-2022Project/senior_design/senior_design.srcs/sources_1/new/safety_circuit.v:86]
WARNING: [VRFC 10-3091] actual bit length 8 differs from formal bit length 1 for port 'center' [C:/Users/Kyl3Z/OneDrive/Documents/GitHub/EECS159A-2022Project/senior_design/senior_design.srcs/sources_1/new/safety_circuit.v:87]
WARNING: [VRFC 10-3705] select index 224 into 'values' is out of bounds [C:/Users/Kyl3Z/OneDrive/Documents/GitHub/EECS159A-2022Project/senior_design/senior_design.srcs/sim_1/new/safety_circuit_tb.v:37]
Completed static elaboration
Starting simulation data flow analysis
Completed simulation data flow analysis
Time Resolution for simulation is 1ps
Compiling module xil_defaultlib.AMS
Compiling module xil_defaultlib.BSPD
Compiling module xil_defaultlib.IMD
Compiling module xil_defaultlib.BOTS
Compiling module xil_defaultlib.inertia
Compiling module xil_defaultlib.shutdown
Compiling module xil_defaultlib.masterSwitch
Compiling module xil_defaultlib.HVDInterlock
Compiling module xil_defaultlib.miscInterlock
Compiling module xil_defaultlib.safety_circuit
Compiling module xil_defaultlib.safety_circuit_tb
Compiling module xil_defaultlib.glbl
Built simulation snapshot safety_circuit_tb_behav
run_program: Time (s): cpu = 00:00:01 ; elapsed = 00:00:05 . Memory (MB): peak = 1222.461 ; gain = 0.000
INFO: [USF-XSim-69] 'elaborate' step finished in '5' seconds
INFO: [USF-XSim-4] XSim::Simulate design
INFO: [USF-XSim-61] Executing 'SIMULATE' step in 'C:/Users/Kyl3Z/OneDrive/Documents/GitHub/EECS159A-2022Project/senior_design/senior_design.sim/sim_1/behav/xsim'
INFO: [USF-XSim-98] *** Running xsim
   with args "safety_circuit_tb_behav -key {Behavioral:sim_1:Functional:safety_circuit_tb} -tclbatch {safety_circuit_tb.tcl} -log {simulate.log}"
INFO: [USF-XSim-8] Loading simulator feature
Time resolution is 1 ps
source safety_circuit_tb.tcl
# set curr_wave [current_wave_config]
# if { [string length $curr_wave] == 0 } {
#   if { [llength [get_objects]] > 0} {
#     add_wave /
#     set_property needs_save false [current_wave_config]
#   } else {
#      send_msg_id Add_Wave-1 WARNING "No top level signals found. Simulator will start without a wave window. If you want to open a wave window go to 'File->New Waveform Configuration' or type 'create_wave_config' in the TCL console."
#   }
# }
# run 1000ns
INFO: [USF-XSim-96] XSim completed. Design snapshot 'safety_circuit_tb_behav' loaded.
INFO: [USF-XSim-97] XSim simulation ran for 1000ns
launch_simulation: Time (s): cpu = 00:00:02 ; elapsed = 00:00:15 . Memory (MB): peak = 1222.461 ; gain = 0.000
close_sim
INFO: [Simtcl 6-16] Simulation closed
exit
INFO: [Common 17-206] Exiting Vivado at Mon Nov 21 13:08:29 2022...
